#
# There is insufficient memory for the Java Runtime Environment to continue.
# Native memory allocation (mmap) failed to map 33554432 bytes. Error detail: G1 virtual space
# Possible reasons:
#   The system is out of physical RAM or swap space
#   This process is running with CompressedOops enabled, and the Java Heap may be blocking the growth of the native heap
# Possible solutions:
#   Reduce memory load on the system
#   Increase physical memory or swap space
#   Check if swap backing store is full
#   Decrease Java heap size (-Xmx/-Xms)
#   Decrease number of Java threads
#   Decrease Java thread stack sizes (-Xss)
#   Set larger code cache with -XX:ReservedCodeCacheSize=
#   JVM is running with Unscaled Compressed Oops mode in which the Java heap is
#     placed in the first 4GB address space. The Java Heap base address is the
#     maximum limit for the native heap growth. Please use -XX:HeapBaseMinAddress
#     to set the Java Heap base and to place the Java Heap above 4GB virtual address.
# This output file may be truncated or incomplete.
#
#  Out of Memory Error (os_windows.cpp:3564), pid=9136, tid=6568
#
# JRE version:  (24.0.1+9) (build )
# Java VM: Java HotSpot(TM) 64-Bit Server VM (24.0.1+9-30, mixed mode, sharing, tiered, compressed oops, compressed class ptrs, g1 gc, windows-amd64)
# Core dump will be written. Default location: C:\Users\Administrator\Pictures\新建文件夹\hs_err_pid9136.mdmp
#

---------------  S U M M A R Y ------------

Command Line: 

Host: Intel(R) Xeon(R) Platinum, 2 cores, 1G,  Windows Server 2022 , 64 bit Build 20348 (10.0.20348.3692)
Time: Sat Aug  2 01:08:42 2025  Windows Server 2022 , 64 bit Build 20348 (10.0.20348.3692) elapsed time: 0.521072 seconds (0d 0h 0m 0s)

---------------  T H R E A D  ---------------

Current thread (0x000001ab2207b790):  JavaThread "Unknown thread" [_thread_in_vm, id=6568, stack(0x00000014d4b00000,0x00000014d4c00000) (1024K)]

Stack: [0x00000014d4b00000,0x00000014d4c00000]
Native frames: (J=compiled Java code, j=interpreted, Vv=VM code, C=native code)
V  [jvm.dll+0x730739]  (no source info available)
V  [jvm.dll+0x8d9b23]  (no source info available)
V  [jvm.dll+0x8dc00d]  (no source info available)
V  [jvm.dll+0x8dc683]  (no source info available)
V  [jvm.dll+0x2aa086]  (no source info available)
V  [jvm.dll+0x72cc65]  (no source info available)
V  [jvm.dll+0x72059a]  (no source info available)
V  [jvm.dll+0x390cea]  (no source info available)
V  [jvm.dll+0x3989f6]  (no source info available)
V  [jvm.dll+0x38523e]  (no source info available)
V  [jvm.dll+0x3854f8]  (no source info available)
V  [jvm.dll+0x35d0cc]  (no source info available)
V  [jvm.dll+0x35dd8d]  (no source info available)
V  [jvm.dll+0x89d28f]  (no source info available)
V  [jvm.dll+0x3f985d]  (no source info available)
V  [jvm.dll+0x8858e6]  (no source info available)
V  [jvm.dll+0x495f3e]  (no source info available)
V  [jvm.dll+0x497d11]  (no source info available)
C  [jli.dll+0x52a1]  (no source info available)
C  [ucrtbase.dll+0x26b4c]  (no source info available)
C  [KERNEL32.DLL+0x14cb0]  (no source info available)
C  [ntdll.dll+0x7edcb]  (no source info available)

Lock stack of current Java thread (top to bottom):


---------------  P R O C E S S  ---------------

Threads class SMR info:
_java_thread_list=0x00007ffbf259f318, length=0, elements={
}

Java Threads: ( => current thread )
Total: 0

Other Threads:
  0x000001ab24284f30 WorkerThread "GC Thread#0"                     [id=6332, stack(0x00000014d4c00000,0x00000014d4d00000) (1024K)]
  0x000001ab2428c590 ConcurrentGCThread "G1 Main Marker"            [id=2064, stack(0x00000014d4d00000,0x00000014d4e00000) (1024K)]
  0x000001ab2428d220 WorkerThread "G1 Conc#0"                       [id=7356, stack(0x00000014d4e00000,0x00000014d4f00000) (1024K)]

[error occurred during error reporting (printing all threads), id 0xc0000005, EXCEPTION_ACCESS_VIOLATION (0xc0000005) at pc=0x00007ffbf1cd14ea]
VM state: not at safepoint (not fully initialized)

VM Mutex/Monitor currently owned by a thread:  ([mutex/lock_event])
[0x00007ffbf26245b0] Heap_lock - owner thread: 0x000001ab2207b790

Heap address: 0x00000000e1400000, size: 492 MB, Compressed Oops mode: 32-bit

CDS archive(s) mapped at: [0x0000000000000000-0x0000000000000000-0x0000000000000000), size 0, SharedBaseAddress: 0x0000000800000000, ArchiveRelocationMode: 1.
UseCompressedClassPointers 1, UseCompactObjectHeaders 0
Narrow klass pointer bits 32, Max shift 3
Narrow klass base: 0xffffffffffffffff, Narrow klass shift: -1
Encoding Range: [0xffffffffffffffff - 0x000000007fffffff), (2147483648 bytes)
Klass Range:    [0x0000000000000000 - 0x0000000000000000), (0 bytes)
Klass ID Range:  [4294967295 - 0) (1)

GC Precious Log:
 CardTable entry size: 512
 Card Set container configuration: InlinePtr #cards 5 size 8 Array Of Cards #cards 10 size 36 Howl #buckets 4 coarsen threshold 1843 Howl Bitmap #cards 512 size 80 coarsen threshold 460 Card regions per heap region 1 cards per card region 2048

Heap:
 garbage-first heap   total reserved 503808K, committed 0K, used 0K [0x00000000e1400000, 0x0000000100000000)
  region size 1024K, 0 young (0K), 0 survivors (0K)

[error occurred during error reporting (printing heap information), id 0xc0000005, EXCEPTION_ACCESS_VIOLATION (0xc0000005) at pc=0x00007ffbf20ee3e9]
GC Heap History (0 events):
No events

Dll operation events (1 events):
Event: 0.394 Loaded shared library C:\Program Files\Java\jdk-24\bin\java.dll

Deoptimization events (0 events):
No events

Classes loaded (0 events):
No events

Classes unloaded (0 events):
No events

Classes redefined (0 events):
No events

Internal exceptions (0 events):
No events

VM Operations (0 events):
No events

Memory protections (0 events):
No events

Nmethod flushes (0 events):
No events

Events (0 events):
No events


Dynamic libraries:
0x00007ff6d9320000 - 0x00007ff6d9330000 	C:\Program Files\Java\jdk-24\bin\java.exe
0x00007ffc1c440000 - 0x00007ffc1c641000 	C:\Windows\SYSTEM32\ntdll.dll
0x00007ffc1a580000 - 0x00007ffc1a63c000 	C:\Windows\System32\KERNEL32.DLL
0x00007ffc19c90000 - 0x00007ffc1a000000 	C:\Windows\System32\KERNELBASE.dll
0x00007ffc1a260000 - 0x00007ffc1a370000 	C:\Windows\System32\ucrtbase.dll
0x00007ffc0cf30000 - 0x00007ffc0cf46000 	C:\Program Files\Java\jdk-24\bin\jli.dll
0x00007ffc1a790000 - 0x00007ffc1a935000 	C:\Windows\System32\USER32.dll
0x00007ffbf94a0000 - 0x00007ffbf94bb000 	C:\Program Files\Java\jdk-24\bin\VCRUNTIME140.dll
0x00007ffc08090000 - 0x00007ffc08335000 	C:\Windows\WinSxS\amd64_microsoft.windows.common-controls_6595b64144ccf1df_6.0.20348.3804_none_9472f657eef4e288\COMCTL32.dll
0x00007ffc19c60000 - 0x00007ffc19c86000 	C:\Windows\System32\win32u.dll
0x00007ffc1c0a0000 - 0x00007ffc1c0cc000 	C:\Windows\System32\GDI32.dll
0x00007ffc1ab80000 - 0x00007ffc1ac23000 	C:\Windows\System32\msvcrt.dll
0x00007ffc1a0c0000 - 0x00007ffc1a1dd000 	C:\Windows\System32\gdi32full.dll
0x00007ffc19b90000 - 0x00007ffc19c30000 	C:\Windows\System32\msvcp_win.dll
0x00007ffc1ab40000 - 0x00007ffc1ab71000 	C:\Windows\System32\IMM32.DLL
0x00007ffc0e680000 - 0x00007ffc0e68c000 	C:\Program Files\Java\jdk-24\bin\vcruntime140_1.dll
0x00007ffbf90c0000 - 0x00007ffbf914e000 	C:\Program Files\Java\jdk-24\bin\msvcp140.dll
0x00007ffbf1960000 - 0x00007ffbf2702000 	C:\Program Files\Java\jdk-24\bin\server\jvm.dll
0x00007ffc1b530000 - 0x00007ffc1b5e1000 	C:\Windows\System32\ADVAPI32.dll
0x00007ffc1b480000 - 0x00007ffc1b522000 	C:\Windows\System32\sechost.dll
0x00007ffc19c30000 - 0x00007ffc19c57000 	C:\Windows\System32\bcrypt.dll
0x00007ffc1bb10000 - 0x00007ffc1bc2e000 	C:\Windows\System32\RPCRT4.dll
0x00007ffc1c370000 - 0x00007ffc1c3e1000 	C:\Windows\System32\WS2_32.dll
0x00007ffc19890000 - 0x00007ffc198dd000 	C:\Windows\SYSTEM32\POWRPROF.dll
0x00007ffc0e620000 - 0x00007ffc0e62a000 	C:\Windows\SYSTEM32\VERSION.dll
0x00007ffc0e4a0000 - 0x00007ffc0e4c7000 	C:\Windows\SYSTEM32\WINMM.dll
0x00007ffc19860000 - 0x00007ffc19873000 	C:\Windows\SYSTEM32\UMPDC.dll
0x00007ffc18260000 - 0x00007ffc18277000 	C:\Windows\SYSTEM32\kernel.appcore.dll
0x00007ffc0dc30000 - 0x00007ffc0dc3a000 	C:\Program Files\Java\jdk-24\bin\jimage.dll
0x00007ffc0a9a0000 - 0x00007ffc0abc0000 	C:\Windows\SYSTEM32\DBGHELP.DLL
0x00007ffc0a770000 - 0x00007ffc0a7a0000 	C:\Windows\SYSTEM32\dbgcore.DLL
0x00007ffc1a1e0000 - 0x00007ffc1a25f000 	C:\Windows\System32\bcryptPrimitives.dll
0x00007ffc0cf10000 - 0x00007ffc0cf2e000 	C:\Program Files\Java\jdk-24\bin\java.dll
0x00007ffc1a650000 - 0x00007ffc1a786000 	C:\Windows\System32\ole32.dll
0x00007ffc1b5f0000 - 0x00007ffc1b960000 	C:\Windows\System32\combase.dll
0x00007ffc1ac30000 - 0x00007ffc1b38a000 	C:\Windows\System32\SHELL32.dll

JVMTI agents: none

dbghelp: loaded successfully - version: 4.0.5 - missing functions: none
symbol engine: initialized successfully - sym options: 0x614 - pdb path: .;C:\Program Files\Java\jdk-24\bin;C:\Windows\SYSTEM32;C:\Windows\WinSxS\amd64_microsoft.windows.common-controls_6595b64144ccf1df_6.0.20348.3804_none_9472f657eef4e288;C:\Program Files\Java\jdk-24\bin\server

VM Arguments:
java_command: <unknown>
java_class_path (initial): <not set>
Launcher Type: SUN_STANDARD

[Global flags]
     intx CICompilerCount                          = 2                                         {product} {ergonomic}
     uint ConcGCThreads                            = 1                                         {product} {ergonomic}
     uint G1ConcRefinementThreads                  = 2                                         {product} {ergonomic}
   size_t G1HeapRegionSize                         = 1048576                                   {product} {ergonomic}
   size_t InitialHeapSize                          = 33554432                                  {product} {ergonomic}
   size_t MarkStackSize                            = 4194304                                   {product} {ergonomic}
   size_t MarkStackSizeMax                         = 536870912                                 {product} {ergonomic}
   size_t MaxHeapSize                              = 515899392                                 {product} {ergonomic}
   size_t MinHeapDeltaBytes                        = 1048576                                   {product} {ergonomic}
   size_t MinHeapSize                              = 8388608                                   {product} {ergonomic}
    uintx NonNMethodCodeHeapSize                   = 5767168                                {pd product} {ergonomic}
    uintx NonProfiledCodeHeapSize                  = 123011072                              {pd product} {ergonomic}
    uintx ProfiledCodeHeapSize                     = 122880000                              {pd product} {ergonomic}
    uintx ReservedCodeCacheSize                    = 251658240                              {pd product} {ergonomic}
     bool SegmentedCodeCache                       = true                                      {product} {ergonomic}
   size_t SoftMaxHeapSize                          = 515899392                              {manageable} {ergonomic}
     bool UseCompressedOops                        = true                           {product lp64_product} {ergonomic}
     bool UseG1GC                                  = true                                      {product} {ergonomic}
     bool UseLargePagesIndividualAllocation        = false                                  {pd product} {ergonomic}

Logging:
Log output configuration:
 #0: stdout all=warning uptime,level,tags foldmultilines=false
 #1: stderr all=off uptime,level,tags foldmultilines=false

Environment Variables:
JAVA_HOME=C:\Program Files\Java\jdk-17
PATH=C:\Program Files\Java\jdk-24\bin;C:\Program Files\Common Files\Oracle\Java\javapath;C:\Windows\system32;C:\Windows;C:\Windows\System32\Wbem;C:\Windows\System32\WindowsPowerShell\v1.0\;C:\Windows\System32\OpenSSH\;;C:\Android\Sdk\cmdline-tools\latest\bin;c:\Users\Administrator\AppData\Local\Programs\Trae CN\bin;C:\Users\Administrator\AppData\Local\Microsoft\WindowsApps;C:\Users\Administrator\AppData\Local\Programs\cursor\resources\app\bin
USERNAME=Administrator
LANG=zh_CN.UTF-8
OS=Windows_NT
PROCESSOR_IDENTIFIER=Intel64 Family 6 Model 85 Stepping 4, GenuineIntel
TMP=C:\Users\ADMINI~1\AppData\Local\Temp\2
TEMP=C:\Users\ADMINI~1\AppData\Local\Temp\2




Periodic native trim disabled

---------------  S Y S T E M  ---------------

OS:
 Windows Server 2022 , 64 bit Build 20348 (10.0.20348.3692)
OS uptime: 0 days 7:17 hours
KVM virtualization detected

CPU: total 2 (initial active 2) (1 cores per cpu, 2 threads per core) family 6 model 85 stepping 4 microcode 0x1, cx8, cmov, fxsr, ht, mmx, 3dnowpref, sse, sse2, sse3, ssse3, sse4.1, sse4.2, popcnt, lzcnt, tsc, tscinvbit, avx, avx2, aes, erms, clmul, bmi1, bmi2, adx, fma, vzeroupper, clflush, clflushopt, clwb, hv, rdtscp, f16c
Processor Information for the first 2 processors :
  Max Mhz: 2500, Current Mhz: 2500, Mhz Limit: 2500

Memory: 4k page, system-wide physical 1966M (74M free)
TotalPageFile size 7086M (AvailPageFile size 15M)
current process WorkingSet (physical memory assigned to process): 11M, peak: 11M
current process commit charge ("private bytes"): 47M, peak: 79M

vm_info: Java HotSpot(TM) 64-Bit Server VM (24.0.1+9-30) for windows-amd64 JRE (24.0.1+9-30), built on 2025-03-05T07:23:45Z with MS VC++ 17.6 (VS2022)

END.
